
*** Running vivado
    with args -log Top.vds -m64 -product Vivado -mode batch -messageDb vivado.pb -notrace -source Top.tcl


****** Vivado v2018.3 (64-bit)
  **** SW Build 2405991 on Thu Dec  6 23:38:27 MST 2018
  **** IP Build 2404404 on Fri Dec  7 01:43:56 MST 2018
    ** Copyright 1986-2018 Xilinx, Inc. All Rights Reserved.

source Top.tcl -notrace
Command: synth_design -top Top -part xc7a100tcsg324-1
Starting synth_design
Attempting to get a license for feature 'Synthesis' and/or device 'xc7a100t'
INFO: [Common 17-349] Got license for feature 'Synthesis' and/or device 'xc7a100t'
INFO: Launching helper process for spawning children vivado processes
INFO: Helper process launched with PID 16692 
---------------------------------------------------------------------------------
Starting RTL Elaboration : Time (s): cpu = 00:00:02 ; elapsed = 00:00:02 . Memory (MB): peak = 430.703 ; gain = 98.676
---------------------------------------------------------------------------------
INFO: [Synth 8-6157] synthesizing module 'Top' [C:/Users/86198/Desktop/ISA/MIPS_CPU/vsrc/top.sv:4]
INFO: [Synth 8-6157] synthesizing module 'core' [C:/Users/86198/Desktop/ISA/MIPS_CPU/vsrc/mips/core.sv:4]
INFO: [Synth 8-6157] synthesizing module 'fetch' [C:/Users/86198/Desktop/ISA/MIPS_CPU/vsrc/mips/fetch.sv:4]
INFO: [Synth 8-6157] synthesizing module 'pcselect' [C:/Users/86198/Desktop/ISA/MIPS_CPU/vsrc/mips/fetch.sv:34]
INFO: [Synth 8-6155] done synthesizing module 'pcselect' (1#1) [C:/Users/86198/Desktop/ISA/MIPS_CPU/vsrc/mips/fetch.sv:34]
INFO: [Synth 8-6155] done synthesizing module 'fetch' (2#1) [C:/Users/86198/Desktop/ISA/MIPS_CPU/vsrc/mips/fetch.sv:4]
INFO: [Synth 8-6157] synthesizing module 'decode' [C:/Users/86198/Desktop/ISA/MIPS_CPU/vsrc/mips/decode.sv:4]
INFO: [Synth 8-6157] synthesizing module 'decoder' [C:/Users/86198/Desktop/ISA/MIPS_CPU/vsrc/mips/decode.sv:65]
INFO: [Synth 8-294] found qualifier unique on case statement: implementing as parallel_case [C:/Users/86198/Desktop/ISA/MIPS_CPU/vsrc/mips/decode.sv:77]
INFO: [Synth 8-294] found qualifier unique on case statement: implementing as parallel_case [C:/Users/86198/Desktop/ISA/MIPS_CPU/vsrc/mips/decode.sv:80]
INFO: [Synth 8-6155] done synthesizing module 'decoder' (3#1) [C:/Users/86198/Desktop/ISA/MIPS_CPU/vsrc/mips/decode.sv:65]
INFO: [Synth 8-6157] synthesizing module 'cal_jump_addr' [C:/Users/86198/Desktop/ISA/MIPS_CPU/vsrc/mips/decode.sv:135]
INFO: [Synth 8-294] found qualifier unique on case statement: implementing as parallel_case [C:/Users/86198/Desktop/ISA/MIPS_CPU/vsrc/mips/decode.sv:152]
INFO: [Synth 8-6155] done synthesizing module 'cal_jump_addr' (4#1) [C:/Users/86198/Desktop/ISA/MIPS_CPU/vsrc/mips/decode.sv:135]
INFO: [Synth 8-6155] done synthesizing module 'decode' (5#1) [C:/Users/86198/Desktop/ISA/MIPS_CPU/vsrc/mips/decode.sv:4]
INFO: [Synth 8-6157] synthesizing module 'execute' [C:/Users/86198/Desktop/ISA/MIPS_CPU/vsrc/mips/execute.sv:4]
INFO: [Synth 8-294] found qualifier unique on case statement: implementing as parallel_case [C:/Users/86198/Desktop/ISA/MIPS_CPU/vsrc/mips/execute.sv:48]
INFO: [Synth 8-6157] synthesizing module 'alu' [C:/Users/86198/Desktop/ISA/MIPS_CPU/vsrc/mips/alu.sv:4]
INFO: [Synth 8-294] found qualifier unique on case statement: implementing as parallel_case [C:/Users/86198/Desktop/ISA/MIPS_CPU/vsrc/mips/alu.sv:13]
INFO: [Synth 8-6155] done synthesizing module 'alu' (6#1) [C:/Users/86198/Desktop/ISA/MIPS_CPU/vsrc/mips/alu.sv:4]
INFO: [Synth 8-6155] done synthesizing module 'execute' (7#1) [C:/Users/86198/Desktop/ISA/MIPS_CPU/vsrc/mips/execute.sv:4]
INFO: [Synth 8-6157] synthesizing module 'memory' [C:/Users/86198/Desktop/ISA/MIPS_CPU/vsrc/mips/memory.sv:4]
WARNING: [Synth 8-6014] Unused sequential element dataEreg_reg[ctl][jump] was removed.  [C:/Users/86198/Desktop/ISA/MIPS_CPU/vsrc/mips/memory.sv:23]
WARNING: [Synth 8-6014] Unused sequential element dataEreg_reg[ctl][branch] was removed.  [C:/Users/86198/Desktop/ISA/MIPS_CPU/vsrc/mips/memory.sv:23]
WARNING: [Synth 8-6014] Unused sequential element dataEreg_reg[ctl][alu_op] was removed.  [C:/Users/86198/Desktop/ISA/MIPS_CPU/vsrc/mips/memory.sv:23]
WARNING: [Synth 8-6014] Unused sequential element dataEreg_reg[jump_addr] was removed.  [C:/Users/86198/Desktop/ISA/MIPS_CPU/vsrc/mips/memory.sv:23]
INFO: [Synth 8-6155] done synthesizing module 'memory' (8#1) [C:/Users/86198/Desktop/ISA/MIPS_CPU/vsrc/mips/memory.sv:4]
INFO: [Synth 8-6157] synthesizing module 'writeback' [C:/Users/86198/Desktop/ISA/MIPS_CPU/vsrc/mips/writeback.sv:4]
WARNING: [Synth 8-6014] Unused sequential element dataEreg_reg[ctl][op] was removed.  [C:/Users/86198/Desktop/ISA/MIPS_CPU/vsrc/mips/writeback.sv:18]
WARNING: [Synth 8-6014] Unused sequential element dataEreg_reg[ctl][jump] was removed.  [C:/Users/86198/Desktop/ISA/MIPS_CPU/vsrc/mips/writeback.sv:18]
WARNING: [Synth 8-6014] Unused sequential element dataEreg_reg[ctl][branch] was removed.  [C:/Users/86198/Desktop/ISA/MIPS_CPU/vsrc/mips/writeback.sv:18]
WARNING: [Synth 8-6014] Unused sequential element dataEreg_reg[ctl][alu_op] was removed.  [C:/Users/86198/Desktop/ISA/MIPS_CPU/vsrc/mips/writeback.sv:18]
WARNING: [Synth 8-6014] Unused sequential element dataEreg_reg[ctl][memread] was removed.  [C:/Users/86198/Desktop/ISA/MIPS_CPU/vsrc/mips/writeback.sv:18]
WARNING: [Synth 8-6014] Unused sequential element dataEreg_reg[ctl][memwrite] was removed.  [C:/Users/86198/Desktop/ISA/MIPS_CPU/vsrc/mips/writeback.sv:18]
WARNING: [Synth 8-6014] Unused sequential element dataEreg_reg[jump_addr] was removed.  [C:/Users/86198/Desktop/ISA/MIPS_CPU/vsrc/mips/writeback.sv:18]
WARNING: [Synth 8-6014] Unused sequential element dataEreg_reg[memwd] was removed.  [C:/Users/86198/Desktop/ISA/MIPS_CPU/vsrc/mips/writeback.sv:18]
INFO: [Synth 8-6155] done synthesizing module 'writeback' (9#1) [C:/Users/86198/Desktop/ISA/MIPS_CPU/vsrc/mips/writeback.sv:4]
INFO: [Synth 8-6157] synthesizing module 'regfile' [C:/Users/86198/Desktop/ISA/MIPS_CPU/vsrc/mips/regfile.sv:4]
INFO: [Synth 8-6155] done synthesizing module 'regfile' (10#1) [C:/Users/86198/Desktop/ISA/MIPS_CPU/vsrc/mips/regfile.sv:4]
INFO: [Synth 8-6157] synthesizing module 'FSM' [C:/Users/86198/Desktop/ISA/MIPS_CPU/vsrc/mips/FSM.sv:4]
INFO: [Synth 8-294] found qualifier unique on case statement: implementing as parallel_case [C:/Users/86198/Desktop/ISA/MIPS_CPU/vsrc/mips/FSM.sv:49]
INFO: [Synth 8-294] found qualifier unique on case statement: implementing as parallel_case [C:/Users/86198/Desktop/ISA/MIPS_CPU/vsrc/mips/FSM.sv:67]
INFO: [Synth 8-294] found qualifier unique on case statement: implementing as parallel_case [C:/Users/86198/Desktop/ISA/MIPS_CPU/vsrc/mips/FSM.sv:82]
INFO: [Synth 8-6155] done synthesizing module 'FSM' (11#1) [C:/Users/86198/Desktop/ISA/MIPS_CPU/vsrc/mips/FSM.sv:4]
INFO: [Synth 8-6155] done synthesizing module 'core' (12#1) [C:/Users/86198/Desktop/ISA/MIPS_CPU/vsrc/mips/core.sv:4]
INFO: [Synth 8-6157] synthesizing module 'imem' [C:/Users/86198/Desktop/ISA/MIPS_CPU/vsrc/ram.sv:4]
	Parameter VALID_ADDR_WIDTH bound to: 8 - type: integer 
INFO: [Synth 8-3876] $readmem data file 'instructions.mem' is read successfully [C:/Users/86198/Desktop/ISA/MIPS_CPU/vsrc/ram.sv:22]
INFO: [Synth 8-6155] done synthesizing module 'imem' (13#1) [C:/Users/86198/Desktop/ISA/MIPS_CPU/vsrc/ram.sv:4]
INFO: [Synth 8-6157] synthesizing module 'dmem' [C:/Users/86198/Desktop/ISA/MIPS_CPU/vsrc/ram.sv:27]
	Parameter VALID_ADDR_WIDTH bound to: 8 - type: integer 
WARNING: [Synth 8-4767] Trying to implement RAM 'mem_reg' in registers. Block RAM or DRAM implementation is not possible; see log for reasons.
Reason is one or more of the following :
	1: RAM has multiple writes via different ports in same process. If RAM inferencing intended, write to one port per process. 
	2: Unable to determine number of words or word size in RAM. 
	3: No valid read/write found for RAM. 
RAM "mem_reg" dissolved into registers
INFO: [Synth 8-6155] done synthesizing module 'dmem' (14#1) [C:/Users/86198/Desktop/ISA/MIPS_CPU/vsrc/ram.sv:27]
INFO: [Synth 8-6155] done synthesizing module 'Top' (15#1) [C:/Users/86198/Desktop/ISA/MIPS_CPU/vsrc/top.sv:4]
WARNING: [Synth 8-3331] design dmem has unconnected port addr[31]
WARNING: [Synth 8-3331] design dmem has unconnected port addr[30]
WARNING: [Synth 8-3331] design dmem has unconnected port addr[29]
WARNING: [Synth 8-3331] design dmem has unconnected port addr[28]
WARNING: [Synth 8-3331] design dmem has unconnected port addr[27]
WARNING: [Synth 8-3331] design dmem has unconnected port addr[26]
WARNING: [Synth 8-3331] design dmem has unconnected port addr[25]
WARNING: [Synth 8-3331] design dmem has unconnected port addr[24]
WARNING: [Synth 8-3331] design dmem has unconnected port addr[23]
WARNING: [Synth 8-3331] design dmem has unconnected port addr[22]
WARNING: [Synth 8-3331] design dmem has unconnected port addr[21]
WARNING: [Synth 8-3331] design dmem has unconnected port addr[20]
WARNING: [Synth 8-3331] design dmem has unconnected port addr[19]
WARNING: [Synth 8-3331] design dmem has unconnected port addr[18]
WARNING: [Synth 8-3331] design dmem has unconnected port addr[17]
WARNING: [Synth 8-3331] design dmem has unconnected port addr[16]
WARNING: [Synth 8-3331] design dmem has unconnected port addr[15]
WARNING: [Synth 8-3331] design dmem has unconnected port addr[14]
WARNING: [Synth 8-3331] design dmem has unconnected port addr[13]
WARNING: [Synth 8-3331] design dmem has unconnected port addr[12]
WARNING: [Synth 8-3331] design dmem has unconnected port addr[11]
WARNING: [Synth 8-3331] design dmem has unconnected port addr[10]
WARNING: [Synth 8-3331] design dmem has unconnected port addr[9]
WARNING: [Synth 8-3331] design dmem has unconnected port addr[8]
WARNING: [Synth 8-3331] design imem has unconnected port pc[31]
WARNING: [Synth 8-3331] design imem has unconnected port pc[30]
WARNING: [Synth 8-3331] design imem has unconnected port pc[29]
WARNING: [Synth 8-3331] design imem has unconnected port pc[28]
WARNING: [Synth 8-3331] design imem has unconnected port pc[27]
WARNING: [Synth 8-3331] design imem has unconnected port pc[26]
WARNING: [Synth 8-3331] design imem has unconnected port pc[25]
WARNING: [Synth 8-3331] design imem has unconnected port pc[24]
WARNING: [Synth 8-3331] design imem has unconnected port pc[23]
WARNING: [Synth 8-3331] design imem has unconnected port pc[22]
WARNING: [Synth 8-3331] design imem has unconnected port pc[21]
WARNING: [Synth 8-3331] design imem has unconnected port pc[20]
WARNING: [Synth 8-3331] design imem has unconnected port pc[19]
WARNING: [Synth 8-3331] design imem has unconnected port pc[18]
WARNING: [Synth 8-3331] design imem has unconnected port pc[17]
WARNING: [Synth 8-3331] design imem has unconnected port pc[16]
WARNING: [Synth 8-3331] design imem has unconnected port pc[15]
WARNING: [Synth 8-3331] design imem has unconnected port pc[14]
WARNING: [Synth 8-3331] design imem has unconnected port pc[13]
WARNING: [Synth 8-3331] design imem has unconnected port pc[12]
WARNING: [Synth 8-3331] design imem has unconnected port pc[11]
WARNING: [Synth 8-3331] design imem has unconnected port pc[10]
WARNING: [Synth 8-3331] design imem has unconnected port pc[9]
WARNING: [Synth 8-3331] design imem has unconnected port pc[8]
WARNING: [Synth 8-3331] design writeback has unconnected port execute_data[ctl][op][3]
WARNING: [Synth 8-3331] design writeback has unconnected port execute_data[ctl][op][2]
WARNING: [Synth 8-3331] design writeback has unconnected port execute_data[ctl][op][1]
WARNING: [Synth 8-3331] design writeback has unconnected port execute_data[ctl][op][0]
WARNING: [Synth 8-3331] design writeback has unconnected port execute_data[ctl][jump]
WARNING: [Synth 8-3331] design writeback has unconnected port execute_data[ctl][branch]
WARNING: [Synth 8-3331] design writeback has unconnected port execute_data[ctl][alu_op][2]
WARNING: [Synth 8-3331] design writeback has unconnected port execute_data[ctl][alu_op][1]
WARNING: [Synth 8-3331] design writeback has unconnected port execute_data[ctl][alu_op][0]
WARNING: [Synth 8-3331] design writeback has unconnected port execute_data[ctl][memread]
WARNING: [Synth 8-3331] design writeback has unconnected port execute_data[ctl][memwrite]
WARNING: [Synth 8-3331] design writeback has unconnected port execute_data[jump_addr][31]
WARNING: [Synth 8-3331] design writeback has unconnected port execute_data[jump_addr][30]
WARNING: [Synth 8-3331] design writeback has unconnected port execute_data[jump_addr][29]
WARNING: [Synth 8-3331] design writeback has unconnected port execute_data[jump_addr][28]
WARNING: [Synth 8-3331] design writeback has unconnected port execute_data[jump_addr][27]
WARNING: [Synth 8-3331] design writeback has unconnected port execute_data[jump_addr][26]
WARNING: [Synth 8-3331] design writeback has unconnected port execute_data[jump_addr][25]
WARNING: [Synth 8-3331] design writeback has unconnected port execute_data[jump_addr][24]
WARNING: [Synth 8-3331] design writeback has unconnected port execute_data[jump_addr][23]
WARNING: [Synth 8-3331] design writeback has unconnected port execute_data[jump_addr][22]
WARNING: [Synth 8-3331] design writeback has unconnected port execute_data[jump_addr][21]
WARNING: [Synth 8-3331] design writeback has unconnected port execute_data[jump_addr][20]
WARNING: [Synth 8-3331] design writeback has unconnected port execute_data[jump_addr][19]
WARNING: [Synth 8-3331] design writeback has unconnected port execute_data[jump_addr][18]
WARNING: [Synth 8-3331] design writeback has unconnected port execute_data[jump_addr][17]
WARNING: [Synth 8-3331] design writeback has unconnected port execute_data[jump_addr][16]
WARNING: [Synth 8-3331] design writeback has unconnected port execute_data[jump_addr][15]
WARNING: [Synth 8-3331] design writeback has unconnected port execute_data[jump_addr][14]
WARNING: [Synth 8-3331] design writeback has unconnected port execute_data[jump_addr][13]
WARNING: [Synth 8-3331] design writeback has unconnected port execute_data[jump_addr][12]
WARNING: [Synth 8-3331] design writeback has unconnected port execute_data[jump_addr][11]
WARNING: [Synth 8-3331] design writeback has unconnected port execute_data[jump_addr][10]
WARNING: [Synth 8-3331] design writeback has unconnected port execute_data[jump_addr][9]
WARNING: [Synth 8-3331] design writeback has unconnected port execute_data[jump_addr][8]
WARNING: [Synth 8-3331] design writeback has unconnected port execute_data[jump_addr][7]
WARNING: [Synth 8-3331] design writeback has unconnected port execute_data[jump_addr][6]
WARNING: [Synth 8-3331] design writeback has unconnected port execute_data[jump_addr][5]
WARNING: [Synth 8-3331] design writeback has unconnected port execute_data[jump_addr][4]
WARNING: [Synth 8-3331] design writeback has unconnected port execute_data[jump_addr][3]
WARNING: [Synth 8-3331] design writeback has unconnected port execute_data[jump_addr][2]
WARNING: [Synth 8-3331] design writeback has unconnected port execute_data[jump_addr][1]
WARNING: [Synth 8-3331] design writeback has unconnected port execute_data[jump_addr][0]
WARNING: [Synth 8-3331] design writeback has unconnected port execute_data[memwd][31]
WARNING: [Synth 8-3331] design writeback has unconnected port execute_data[memwd][30]
WARNING: [Synth 8-3331] design writeback has unconnected port execute_data[memwd][29]
WARNING: [Synth 8-3331] design writeback has unconnected port execute_data[memwd][28]
WARNING: [Synth 8-3331] design writeback has unconnected port execute_data[memwd][27]
WARNING: [Synth 8-3331] design writeback has unconnected port execute_data[memwd][26]
WARNING: [Synth 8-3331] design writeback has unconnected port execute_data[memwd][25]
WARNING: [Synth 8-3331] design writeback has unconnected port execute_data[memwd][24]
WARNING: [Synth 8-3331] design writeback has unconnected port execute_data[memwd][23]
INFO: [Common 17-14] Message 'Synth 8-3331' appears 100 times and further instances of the messages will be disabled. Use the Tcl command set_msg_config to change the current settings.
---------------------------------------------------------------------------------
Finished RTL Elaboration : Time (s): cpu = 00:00:04 ; elapsed = 00:00:04 . Memory (MB): peak = 538.957 ; gain = 206.930
---------------------------------------------------------------------------------

Report Check Netlist: 
+------+------------------+-------+---------+-------+------------------+
|      |Item              |Errors |Warnings |Status |Description       |
+------+------------------+-------+---------+-------+------------------+
|1     |multi_driven_nets |      0|        0|Passed |Multi driven nets |
+------+------------------+-------+---------+-------+------------------+
---------------------------------------------------------------------------------
Start Handling Custom Attributes
---------------------------------------------------------------------------------
---------------------------------------------------------------------------------
Finished Handling Custom Attributes : Time (s): cpu = 00:00:04 ; elapsed = 00:00:04 . Memory (MB): peak = 538.957 ; gain = 206.930
---------------------------------------------------------------------------------
---------------------------------------------------------------------------------
Finished RTL Optimization Phase 1 : Time (s): cpu = 00:00:04 ; elapsed = 00:00:04 . Memory (MB): peak = 538.957 ; gain = 206.930
---------------------------------------------------------------------------------
INFO: [Device 21-403] Loading part xc7a100tcsg324-1
INFO: [Project 1-570] Preparing netlist for logic optimization

Processing XDC Constraints
Initializing timing engine
Parsing XDC File [C:/Users/86198/Desktop/ISA/MIPS_CPU/vivado/nexysa7.xdc]
Finished Parsing XDC File [C:/Users/86198/Desktop/ISA/MIPS_CPU/vivado/nexysa7.xdc]
INFO: [Project 1-236] Implementation specific constraints were found while reading constraint file [C:/Users/86198/Desktop/ISA/MIPS_CPU/vivado/nexysa7.xdc]. These constraints will be ignored for synthesis but will be used in implementation. Impacted constraints are listed in the file [.Xil/Top_propImpl.xdc].
Resolution: To avoid this warning, move constraints listed in [.Xil/Top_propImpl.xdc] to another XDC file and exclude this new file from synthesis with the used_in_synthesis property (File Properties dialog in GUI) and re-run elaboration/synthesis.
Netlist sorting complete. Time (s): cpu = 00:00:00 ; elapsed = 00:00:00.002 . Memory (MB): peak = 890.305 ; gain = 0.000
Completed Processing XDC Constraints

Netlist sorting complete. Time (s): cpu = 00:00:00 ; elapsed = 00:00:00.002 . Memory (MB): peak = 890.305 ; gain = 0.000
INFO: [Project 1-111] Unisim Transformation Summary:
No Unisim elements were transformed.

Netlist sorting complete. Time (s): cpu = 00:00:00 ; elapsed = 00:00:00.002 . Memory (MB): peak = 890.305 ; gain = 0.000
Constraint Validation Runtime : Time (s): cpu = 00:00:00 ; elapsed = 00:00:00.010 . Memory (MB): peak = 890.305 ; gain = 0.000
---------------------------------------------------------------------------------
Finished Constraint Validation : Time (s): cpu = 00:00:12 ; elapsed = 00:00:13 . Memory (MB): peak = 890.305 ; gain = 558.277
---------------------------------------------------------------------------------
---------------------------------------------------------------------------------
Start Loading Part and Timing Information
---------------------------------------------------------------------------------
Loading part: xc7a100tcsg324-1
---------------------------------------------------------------------------------
Finished Loading Part and Timing Information : Time (s): cpu = 00:00:12 ; elapsed = 00:00:13 . Memory (MB): peak = 890.305 ; gain = 558.277
---------------------------------------------------------------------------------
---------------------------------------------------------------------------------
Start Applying 'set_property' XDC Constraints
---------------------------------------------------------------------------------
---------------------------------------------------------------------------------
Finished applying 'set_property' XDC Constraints : Time (s): cpu = 00:00:12 ; elapsed = 00:00:13 . Memory (MB): peak = 890.305 ; gain = 558.277
---------------------------------------------------------------------------------
INFO: [Synth 8-5587] ROM size for "ctl" is below threshold of ROM address width. It will be mapped to LUTs
INFO: [Synth 8-5546] ROM "ctl" won't be mapped to RAM because it is too sparse
INFO: [Synth 8-5546] ROM "ctl" won't be mapped to RAM because it is too sparse
INFO: [Synth 8-5546] ROM "ctl" won't be mapped to RAM because it is too sparse
INFO: [Synth 8-5546] ROM "ctl" won't be mapped to RAM because it is too sparse
INFO: [Synth 8-5546] ROM "ctl" won't be mapped to RAM because it is too sparse
INFO: [Synth 8-5587] ROM size for "ctl" is below threshold of ROM address width. It will be mapped to LUTs
INFO: [Synth 8-5545] ROM "execute_data0" won't be mapped to RAM because address size (32) is larger than maximum supported(25)
INFO: [Synth 8-5546] ROM "regs_nxt_reg[31]" won't be mapped to RAM because it is too sparse
INFO: [Synth 8-5546] ROM "regs_nxt_reg[30]" won't be mapped to RAM because it is too sparse
INFO: [Synth 8-5546] ROM "regs_nxt_reg[29]" won't be mapped to RAM because it is too sparse
INFO: [Synth 8-5546] ROM "regs_nxt_reg[28]" won't be mapped to RAM because it is too sparse
INFO: [Synth 8-5546] ROM "regs_nxt_reg[27]" won't be mapped to RAM because it is too sparse
INFO: [Synth 8-5546] ROM "regs_nxt_reg[26]" won't be mapped to RAM because it is too sparse
INFO: [Synth 8-5546] ROM "regs_nxt_reg[25]" won't be mapped to RAM because it is too sparse
INFO: [Synth 8-5546] ROM "regs_nxt_reg[24]" won't be mapped to RAM because it is too sparse
INFO: [Synth 8-5546] ROM "regs_nxt_reg[23]" won't be mapped to RAM because it is too sparse
INFO: [Synth 8-5546] ROM "regs_nxt_reg[22]" won't be mapped to RAM because it is too sparse
INFO: [Synth 8-5546] ROM "regs_nxt_reg[21]" won't be mapped to RAM because it is too sparse
INFO: [Synth 8-5546] ROM "regs_nxt_reg[20]" won't be mapped to RAM because it is too sparse
INFO: [Synth 8-5546] ROM "regs_nxt_reg[19]" won't be mapped to RAM because it is too sparse
INFO: [Synth 8-5546] ROM "regs_nxt_reg[18]" won't be mapped to RAM because it is too sparse
INFO: [Synth 8-5546] ROM "regs_nxt_reg[17]" won't be mapped to RAM because it is too sparse
INFO: [Synth 8-5546] ROM "regs_nxt_reg[16]" won't be mapped to RAM because it is too sparse
INFO: [Synth 8-5546] ROM "regs_nxt_reg[15]" won't be mapped to RAM because it is too sparse
INFO: [Synth 8-5546] ROM "regs_nxt_reg[14]" won't be mapped to RAM because it is too sparse
INFO: [Synth 8-5546] ROM "regs_nxt_reg[13]" won't be mapped to RAM because it is too sparse
INFO: [Synth 8-5546] ROM "regs_nxt_reg[12]" won't be mapped to RAM because it is too sparse
INFO: [Synth 8-5546] ROM "regs_nxt_reg[11]" won't be mapped to RAM because it is too sparse
INFO: [Synth 8-5546] ROM "regs_nxt_reg[10]" won't be mapped to RAM because it is too sparse
INFO: [Synth 8-5546] ROM "regs_nxt_reg[9]" won't be mapped to RAM because it is too sparse
INFO: [Synth 8-5546] ROM "regs_nxt_reg[8]" won't be mapped to RAM because it is too sparse
INFO: [Synth 8-5546] ROM "regs_nxt_reg[7]" won't be mapped to RAM because it is too sparse
INFO: [Synth 8-5546] ROM "regs_nxt_reg[6]" won't be mapped to RAM because it is too sparse
INFO: [Synth 8-5546] ROM "regs_nxt_reg[5]" won't be mapped to RAM because it is too sparse
INFO: [Synth 8-5546] ROM "regs_nxt_reg[4]" won't be mapped to RAM because it is too sparse
INFO: [Synth 8-5546] ROM "regs_nxt_reg[3]" won't be mapped to RAM because it is too sparse
INFO: [Synth 8-5546] ROM "regs_nxt_reg[2]" won't be mapped to RAM because it is too sparse
INFO: [Synth 8-5546] ROM "regs_nxt_reg[1]" won't be mapped to RAM because it is too sparse
INFO: [Synth 8-5546] ROM "regs_nxt_reg[0]" won't be mapped to RAM because it is too sparse
INFO: [Synth 8-5544] ROM "stat" won't be mapped to Block RAM because address size (4) smaller than threshold (5)
INFO: [Synth 8-5544] ROM "stat" won't be mapped to Block RAM because address size (4) smaller than threshold (5)
INFO: [Synth 8-5544] ROM "stat" won't be mapped to Block RAM because address size (4) smaller than threshold (5)
INFO: [Synth 8-5544] ROM "stat" won't be mapped to Block RAM because address size (4) smaller than threshold (5)
INFO: [Synth 8-5544] ROM "stat" won't be mapped to Block RAM because address size (4) smaller than threshold (5)
INFO: [Synth 8-5544] ROM "stat" won't be mapped to Block RAM because address size (4) smaller than threshold (5)
INFO: [Synth 8-5544] ROM "fetch_init" won't be mapped to Block RAM because address size (4) smaller than threshold (5)
INFO: [Synth 8-5544] ROM "fetch_init" won't be mapped to Block RAM because address size (4) smaller than threshold (5)
INFO: [Synth 8-5544] ROM "fetch_init" won't be mapped to Block RAM because address size (4) smaller than threshold (5)
INFO: [Synth 8-5544] ROM "em_select" won't be mapped to Block RAM because address size (4) smaller than threshold (5)
INFO: [Synth 8-5544] ROM "em_select" won't be mapped to Block RAM because address size (4) smaller than threshold (5)
INFO: [Synth 8-5544] ROM "stat" won't be mapped to Block RAM because address size (4) smaller than threshold (5)
INFO: [Synth 8-5544] ROM "stat" won't be mapped to Block RAM because address size (4) smaller than threshold (5)
INFO: [Synth 8-5544] ROM "stat" won't be mapped to Block RAM because address size (4) smaller than threshold (5)
INFO: [Synth 8-5544] ROM "stat" won't be mapped to Block RAM because address size (4) smaller than threshold (5)
INFO: [Synth 8-5544] ROM "stat" won't be mapped to Block RAM because address size (4) smaller than threshold (5)
INFO: [Synth 8-5544] ROM "stat" won't be mapped to Block RAM because address size (4) smaller than threshold (5)
INFO: [Synth 8-5544] ROM "fetch_init" won't be mapped to Block RAM because address size (4) smaller than threshold (5)
INFO: [Synth 8-5544] ROM "fetch_init" won't be mapped to Block RAM because address size (4) smaller than threshold (5)
INFO: [Synth 8-5544] ROM "fetch_init" won't be mapped to Block RAM because address size (4) smaller than threshold (5)
INFO: [Synth 8-5544] ROM "em_select" won't be mapped to Block RAM because address size (4) smaller than threshold (5)
INFO: [Synth 8-5544] ROM "em_select" won't be mapped to Block RAM because address size (4) smaller than threshold (5)
INFO: [Synth 8-5546] ROM "mem" won't be mapped to RAM because it is too sparse
INFO: [Synth 8-5546] ROM "mem" won't be mapped to RAM because it is too sparse
INFO: [Synth 8-5546] ROM "mem" won't be mapped to RAM because it is too sparse
INFO: [Synth 8-5546] ROM "mem" won't be mapped to RAM because it is too sparse
INFO: [Synth 8-5545] ROM "result" won't be mapped to RAM because address size (32) is larger than maximum supported(25)
---------------------------------------------------------------------------------
Finished RTL Optimization Phase 2 : Time (s): cpu = 00:00:18 ; elapsed = 00:00:20 . Memory (MB): peak = 890.305 ; gain = 558.277
---------------------------------------------------------------------------------

Report RTL Partitions: 
+-+--------------+------------+----------+
| |RTL Partition |Replication |Instances |
+-+--------------+------------+----------+
+-+--------------+------------+----------+
---------------------------------------------------------------------------------
Start RTL Component Statistics 
---------------------------------------------------------------------------------
Detailed RTL Component Info : 
+---Adders : 
	   2 Input     32 Bit       Adders := 4     
	   3 Input     32 Bit       Adders := 1     
	   2 Input      8 Bit       Adders := 3     
+---Registers : 
	               32 Bit    Registers := 52    
	                8 Bit    Registers := 256   
	                5 Bit    Registers := 4     
	                4 Bit    Registers := 2     
	                3 Bit    Registers := 1     
	                2 Bit    Registers := 2     
	                1 Bit    Registers := 17    
+---Muxes : 
	   2 Input     32 Bit        Muxes := 23    
	   3 Input     32 Bit        Muxes := 1     
	   4 Input     32 Bit        Muxes := 2     
	  33 Input     32 Bit        Muxes := 2     
	 257 Input      8 Bit        Muxes := 4     
	   4 Input      8 Bit        Muxes := 144   
	   2 Input      8 Bit        Muxes := 252   
	   2 Input      5 Bit        Muxes := 6     
	   7 Input      4 Bit        Muxes := 1     
	   2 Input      4 Bit        Muxes := 2     
	   2 Input      3 Bit        Muxes := 3     
	   6 Input      3 Bit        Muxes := 2     
	   7 Input      3 Bit        Muxes := 1     
	   4 Input      2 Bit        Muxes := 17    
	   7 Input      1 Bit        Muxes := 5     
	   3 Input      1 Bit        Muxes := 1     
	   2 Input      1 Bit        Muxes := 294   
	   4 Input      1 Bit        Muxes := 67    
	   5 Input      1 Bit        Muxes := 198   
	   8 Input      1 Bit        Muxes := 1     
---------------------------------------------------------------------------------
Finished RTL Component Statistics 
---------------------------------------------------------------------------------
---------------------------------------------------------------------------------
Start RTL Hierarchical Component Statistics 
---------------------------------------------------------------------------------
Hierarchical RTL Component report 
Module Top 
Detailed RTL Component Info : 
+---Registers : 
	                2 Bit    Registers := 2     
+---Muxes : 
	   4 Input      2 Bit        Muxes := 1     
Module pcselect 
Detailed RTL Component Info : 
+---Registers : 
	               32 Bit    Registers := 1     
	                1 Bit    Registers := 1     
+---Muxes : 
	   2 Input     32 Bit        Muxes := 2     
Module fetch 
Detailed RTL Component Info : 
+---Adders : 
	   2 Input     32 Bit       Adders := 1     
Module decoder 
Detailed RTL Component Info : 
+---Muxes : 
	   7 Input      4 Bit        Muxes := 1     
	   2 Input      3 Bit        Muxes := 2     
	   6 Input      3 Bit        Muxes := 2     
	   7 Input      3 Bit        Muxes := 1     
	   7 Input      1 Bit        Muxes := 5     
Module cal_jump_addr 
Detailed RTL Component Info : 
+---Adders : 
	   2 Input     32 Bit       Adders := 2     
+---Muxes : 
	   2 Input     32 Bit        Muxes := 1     
	   3 Input     32 Bit        Muxes := 1     
Module decode 
Detailed RTL Component Info : 
+---Registers : 
	               32 Bit    Registers := 2     
+---Muxes : 
	   2 Input      5 Bit        Muxes := 1     
Module alu 
Detailed RTL Component Info : 
+---Adders : 
	   2 Input     32 Bit       Adders := 1     
	   3 Input     32 Bit       Adders := 1     
Module execute 
Detailed RTL Component Info : 
+---Registers : 
	               32 Bit    Registers := 6     
	                5 Bit    Registers := 1     
	                4 Bit    Registers := 1     
	                3 Bit    Registers := 1     
	                1 Bit    Registers := 5     
+---Muxes : 
	   2 Input     32 Bit        Muxes := 6     
	   4 Input     32 Bit        Muxes := 2     
	   2 Input      5 Bit        Muxes := 1     
	   2 Input      4 Bit        Muxes := 1     
	   2 Input      3 Bit        Muxes := 1     
	   3 Input      1 Bit        Muxes := 1     
Module memory 
Detailed RTL Component Info : 
+---Registers : 
	               32 Bit    Registers := 4     
	                5 Bit    Registers := 1     
	                4 Bit    Registers := 1     
	                1 Bit    Registers := 3     
+---Muxes : 
	   2 Input     32 Bit        Muxes := 5     
	   2 Input      5 Bit        Muxes := 1     
	   2 Input      4 Bit        Muxes := 1     
Module writeback 
Detailed RTL Component Info : 
+---Registers : 
	               32 Bit    Registers := 6     
	                5 Bit    Registers := 2     
	                1 Bit    Registers := 2     
+---Muxes : 
	   2 Input     32 Bit        Muxes := 9     
	   2 Input      5 Bit        Muxes := 3     
	   2 Input      1 Bit        Muxes := 1     
Module regfile 
Detailed RTL Component Info : 
+---Registers : 
	               32 Bit    Registers := 32    
+---Muxes : 
	  33 Input     32 Bit        Muxes := 2     
	   2 Input      1 Bit        Muxes := 32    
Module FSM 
Detailed RTL Component Info : 
+---Registers : 
	                1 Bit    Registers := 6     
+---Muxes : 
	   4 Input      1 Bit        Muxes := 3     
	   2 Input      1 Bit        Muxes := 11    
	   5 Input      1 Bit        Muxes := 6     
	   8 Input      1 Bit        Muxes := 1     
Module core 
Detailed RTL Component Info : 
+---Registers : 
	               32 Bit    Registers := 1     
Module imem 
Detailed RTL Component Info : 
+---Adders : 
	   2 Input      8 Bit       Adders := 3     
+---Muxes : 
	 257 Input      8 Bit        Muxes := 4     
Module dmem 
Detailed RTL Component Info : 
+---Registers : 
	                8 Bit    Registers := 256   
+---Muxes : 
	   4 Input      8 Bit        Muxes := 144   
	   2 Input      8 Bit        Muxes := 252   
	   4 Input      2 Bit        Muxes := 16    
	   5 Input      1 Bit        Muxes := 192   
	   2 Input      1 Bit        Muxes := 250   
	   4 Input      1 Bit        Muxes := 64    
---------------------------------------------------------------------------------
Finished RTL Hierarchical Component Statistics
---------------------------------------------------------------------------------
---------------------------------------------------------------------------------
Start Part Resource Summary
---------------------------------------------------------------------------------
Part Resources:
DSPs: 240 (col length:80)
BRAMs: 270 (col length: RAMB18 80 RAMB36 40)
---------------------------------------------------------------------------------
Finished Part Resource Summary
---------------------------------------------------------------------------------
---------------------------------------------------------------------------------
Start Cross Boundary and Area Optimization
---------------------------------------------------------------------------------
Warning: Parallel synthesis criteria is not met 
INFO: [Synth 8-5544] ROM "decoder/ctl" won't be mapped to Block RAM because address size (4) smaller than threshold (5)
INFO: [Synth 8-5544] ROM "decoder/ctl" won't be mapped to Block RAM because address size (4) smaller than threshold (5)
INFO: [Synth 8-5546] ROM "p_0_out" won't be mapped to RAM because it is too sparse
INFO: [Synth 8-5546] ROM "p_0_out" won't be mapped to RAM because it is too sparse
INFO: [Synth 8-5546] ROM "p_0_out" won't be mapped to RAM because it is too sparse
INFO: [Synth 8-5546] ROM "p_0_out" won't be mapped to RAM because it is too sparse
INFO: [Synth 8-5546] ROM "p_0_out" won't be mapped to RAM because it is too sparse
INFO: [Synth 8-5546] ROM "p_0_out" won't be mapped to RAM because it is too sparse
INFO: [Synth 8-5546] ROM "p_0_out" won't be mapped to RAM because it is too sparse
INFO: [Synth 8-5546] ROM "p_0_out" won't be mapped to RAM because it is too sparse
INFO: [Synth 8-5546] ROM "p_0_out" won't be mapped to RAM because it is too sparse
INFO: [Synth 8-3886] merging instance 'core/execute/dataDreg_reg[immediate][31]' (FD) to 'core/execute/dataDreg_reg[immediate][30]'
INFO: [Synth 8-3886] merging instance 'core/execute/dataDreg_reg[immediate][30]' (FD) to 'core/execute/dataDreg_reg[immediate][29]'
INFO: [Synth 8-3886] merging instance 'core/execute/dataDreg_reg[immediate][29]' (FD) to 'core/execute/dataDreg_reg[immediate][28]'
INFO: [Synth 8-3886] merging instance 'core/execute/dataDreg_reg[immediate][28]' (FD) to 'core/execute/dataDreg_reg[immediate][27]'
INFO: [Synth 8-3886] merging instance 'core/execute/dataDreg_reg[immediate][27]' (FD) to 'core/execute/dataDreg_reg[immediate][26]'
INFO: [Synth 8-3886] merging instance 'core/execute/dataDreg_reg[immediate][26]' (FD) to 'core/execute/dataDreg_reg[immediate][25]'
INFO: [Synth 8-3886] merging instance 'core/execute/dataDreg_reg[immediate][25]' (FD) to 'core/execute/dataDreg_reg[immediate][24]'
INFO: [Synth 8-3886] merging instance 'core/execute/dataDreg_reg[immediate][24]' (FD) to 'core/execute/dataDreg_reg[immediate][23]'
INFO: [Synth 8-3886] merging instance 'core/execute/dataDreg_reg[immediate][23]' (FD) to 'core/execute/dataDreg_reg[immediate][22]'
INFO: [Synth 8-3886] merging instance 'core/execute/dataDreg_reg[immediate][22]' (FD) to 'core/execute/dataDreg_reg[immediate][21]'
INFO: [Synth 8-3886] merging instance 'core/execute/dataDreg_reg[immediate][21]' (FD) to 'core/execute/dataDreg_reg[immediate][20]'
INFO: [Synth 8-3886] merging instance 'core/execute/dataDreg_reg[immediate][20]' (FD) to 'core/execute/dataDreg_reg[immediate][19]'
INFO: [Synth 8-3886] merging instance 'core/execute/dataDreg_reg[immediate][19]' (FD) to 'core/execute/dataDreg_reg[immediate][18]'
INFO: [Synth 8-3886] merging instance 'core/execute/dataDreg_reg[immediate][18]' (FD) to 'core/execute/dataDreg_reg[immediate][17]'
INFO: [Synth 8-3886] merging instance 'core/execute/dataDreg_reg[immediate][17]' (FD) to 'core/execute/dataDreg_reg[immediate][16]'
INFO: [Synth 8-3886] merging instance 'core/execute/dataDreg_reg[immediate][16]' (FD) to 'core/execute/dataDreg_reg[immediate][15]'
---------------------------------------------------------------------------------
Finished Cross Boundary and Area Optimization : Time (s): cpu = 00:00:38 ; elapsed = 00:00:40 . Memory (MB): peak = 925.355 ; gain = 593.328
---------------------------------------------------------------------------------

Report RTL Partitions: 
+-+--------------+------------+----------+
| |RTL Partition |Replication |Instances |
+-+--------------+------------+----------+
+-+--------------+------------+----------+
---------------------------------------------------------------------------------
Start Applying XDC Timing Constraints
---------------------------------------------------------------------------------
---------------------------------------------------------------------------------
Finished Applying XDC Timing Constraints : Time (s): cpu = 00:00:44 ; elapsed = 00:00:46 . Memory (MB): peak = 925.355 ; gain = 593.328
---------------------------------------------------------------------------------
---------------------------------------------------------------------------------
Start Timing Optimization
---------------------------------------------------------------------------------
---------------------------------------------------------------------------------
Finished Timing Optimization : Time (s): cpu = 00:00:45 ; elapsed = 00:00:47 . Memory (MB): peak = 925.355 ; gain = 593.328
---------------------------------------------------------------------------------

Report RTL Partitions: 
+-+--------------+------------+----------+
| |RTL Partition |Replication |Instances |
+-+--------------+------------+----------+
+-+--------------+------------+----------+
---------------------------------------------------------------------------------
Start Technology Mapping
---------------------------------------------------------------------------------
INFO: [Synth 8-3886] merging instance 'core/decode/dataFreg_reg[instruction][31]' (FDE) to 'core/decode/dataFreg_reg[instruction][26]'
---------------------------------------------------------------------------------
Finished Technology Mapping : Time (s): cpu = 00:00:49 ; elapsed = 00:00:51 . Memory (MB): peak = 1032.809 ; gain = 700.781
---------------------------------------------------------------------------------

Report RTL Partitions: 
+-+--------------+------------+----------+
| |RTL Partition |Replication |Instances |
+-+--------------+------------+----------+
+-+--------------+------------+----------+
---------------------------------------------------------------------------------
Start IO Insertion
---------------------------------------------------------------------------------
---------------------------------------------------------------------------------
Start Flattening Before IO Insertion
---------------------------------------------------------------------------------
---------------------------------------------------------------------------------
Finished Flattening Before IO Insertion
---------------------------------------------------------------------------------
---------------------------------------------------------------------------------
Start Final Netlist Cleanup
---------------------------------------------------------------------------------
---------------------------------------------------------------------------------
Finished Final Netlist Cleanup
---------------------------------------------------------------------------------
---------------------------------------------------------------------------------
Finished IO Insertion : Time (s): cpu = 00:00:51 ; elapsed = 00:00:53 . Memory (MB): peak = 1032.809 ; gain = 700.781
---------------------------------------------------------------------------------

Report Check Netlist: 
+------+------------------+-------+---------+-------+------------------+
|      |Item              |Errors |Warnings |Status |Description       |
+------+------------------+-------+---------+-------+------------------+
|1     |multi_driven_nets |      0|        0|Passed |Multi driven nets |
+------+------------------+-------+---------+-------+------------------+
---------------------------------------------------------------------------------
Start Renaming Generated Instances
---------------------------------------------------------------------------------
---------------------------------------------------------------------------------
Finished Renaming Generated Instances : Time (s): cpu = 00:00:51 ; elapsed = 00:00:53 . Memory (MB): peak = 1032.809 ; gain = 700.781
---------------------------------------------------------------------------------

Report RTL Partitions: 
+-+--------------+------------+----------+
| |RTL Partition |Replication |Instances |
+-+--------------+------------+----------+
+-+--------------+------------+----------+
---------------------------------------------------------------------------------
Start Rebuilding User Hierarchy
---------------------------------------------------------------------------------
---------------------------------------------------------------------------------
Finished Rebuilding User Hierarchy : Time (s): cpu = 00:00:51 ; elapsed = 00:00:53 . Memory (MB): peak = 1032.809 ; gain = 700.781
---------------------------------------------------------------------------------
---------------------------------------------------------------------------------
Start Renaming Generated Ports
---------------------------------------------------------------------------------
---------------------------------------------------------------------------------
Finished Renaming Generated Ports : Time (s): cpu = 00:00:51 ; elapsed = 00:00:53 . Memory (MB): peak = 1032.809 ; gain = 700.781
---------------------------------------------------------------------------------
---------------------------------------------------------------------------------
Start Handling Custom Attributes
---------------------------------------------------------------------------------
---------------------------------------------------------------------------------
Finished Handling Custom Attributes : Time (s): cpu = 00:00:51 ; elapsed = 00:00:53 . Memory (MB): peak = 1032.809 ; gain = 700.781
---------------------------------------------------------------------------------
---------------------------------------------------------------------------------
Start Renaming Generated Nets
---------------------------------------------------------------------------------
---------------------------------------------------------------------------------
Finished Renaming Generated Nets : Time (s): cpu = 00:00:51 ; elapsed = 00:00:53 . Memory (MB): peak = 1032.809 ; gain = 700.781
---------------------------------------------------------------------------------
---------------------------------------------------------------------------------
Start Writing Synthesis Report
---------------------------------------------------------------------------------

Report BlackBoxes: 
+-+--------------+----------+
| |BlackBox name |Instances |
+-+--------------+----------+
+-+--------------+----------+

Report Cell Usage: 
+------+-------+------+
|      |Cell   |Count |
+------+-------+------+
|1     |BUFG   |     1|
|2     |CARRY4 |    44|
|3     |LUT1   |     6|
|4     |LUT2   |    54|
|5     |LUT3   |  1155|
|6     |LUT4   |   109|
|7     |LUT5   |   458|
|8     |LUT6   |  3396|
|9     |MUXF7  |  1325|
|10    |MUXF8  |   544|
|11    |FDRE   |  3507|
|12    |FDSE   |     1|
|13    |IBUF   |     2|
|14    |OBUF   |     2|
+------+-------+------+

Report Instance Areas: 
+------+--------------------+--------------+------+
|      |Instance            |Module        |Cells |
+------+--------------------+--------------+------+
|1     |top                 |              | 10604|
|2     |  core              |core          |  4771|
|3     |    FSM             |FSM           |    96|
|4     |    decode          |decode        |   214|
|5     |      cal_jump_addr |cal_jump_addr |   106|
|6     |    execute         |execute       |   371|
|7     |      alu           |alu           |   111|
|8     |    fetch           |fetch         |    71|
|9     |      pcselect      |pcselect      |    63|
|10    |    memory          |memory        |  2200|
|11    |    regfile         |regfile       |  1632|
|12    |    writeback       |writeback     |   146|
|13    |  dmem              |dmem          |  5822|
+------+--------------------+--------------+------+
---------------------------------------------------------------------------------
Finished Writing Synthesis Report : Time (s): cpu = 00:00:51 ; elapsed = 00:00:53 . Memory (MB): peak = 1032.809 ; gain = 700.781
---------------------------------------------------------------------------------
Synthesis finished with 0 errors, 0 critical warnings and 136 warnings.
Synthesis Optimization Runtime : Time (s): cpu = 00:00:42 ; elapsed = 00:00:47 . Memory (MB): peak = 1032.809 ; gain = 349.434
Synthesis Optimization Complete : Time (s): cpu = 00:00:52 ; elapsed = 00:00:54 . Memory (MB): peak = 1032.809 ; gain = 700.781
INFO: [Project 1-571] Translating synthesized netlist
INFO: [Netlist 29-17] Analyzing 1913 Unisim elements for replacement
INFO: [Netlist 29-28] Unisim Transformation completed in 0 CPU seconds
INFO: [Project 1-570] Preparing netlist for logic optimization
INFO: [Opt 31-138] Pushed 0 inverter(s) to 0 load pin(s).
Netlist sorting complete. Time (s): cpu = 00:00:00 ; elapsed = 00:00:00.003 . Memory (MB): peak = 1032.809 ; gain = 0.000
INFO: [Project 1-111] Unisim Transformation Summary:
No Unisim elements were transformed.

INFO: [Common 17-83] Releasing license: Synthesis
147 Infos, 113 Warnings, 0 Critical Warnings and 0 Errors encountered.
synth_design completed successfully
synth_design: Time (s): cpu = 00:00:55 ; elapsed = 00:00:57 . Memory (MB): peak = 1032.809 ; gain = 713.824
Netlist sorting complete. Time (s): cpu = 00:00:00 ; elapsed = 00:00:00.002 . Memory (MB): peak = 1032.809 ; gain = 0.000
WARNING: [Constraints 18-5210] No constraints selected for write.
Resolution: This message can indicate that there are no constraints for the design, or it can indicate that the used_in flags are set such that the constraints are ignored. This later case is used when running synth_design to not write synthesis constraints to the resulting checkpoint. Instead, project constraints are read when the synthesized design is opened.
INFO: [Common 17-1381] The checkpoint 'C:/Users/86198/Desktop/ISA/MIPS_CPU/vivado/vivado.runs/synth_1/Top.dcp' has been generated.
INFO: [runtcl-4] Executing : report_utilization -file Top_utilization_synth.rpt -pb Top_utilization_synth.pb
INFO: [Common 17-206] Exiting Vivado at Mon Apr  8 00:06:02 2024...
